id	priority	createdTime	startedTime	terminatedTime	cpuTime	blockedTime	turnaroundTime	waitingTime	responseTime
2	0	16	109	157	48	0	141	93	93
3	0	88	157	295	138	0	207	69	69
1	0	0	0	318	132	7	318	193	0
4	0	277	318	398	80	0	121	41	41
5	0	337	398	459	61	0	122	61	61
6	0	401	459	534	72	3	133	64	58
7	0	488	534	662	128	0	174	46	46
9	0	755	772	812	40	0	57	17	17
8	0	592	662	1139	384	73	547	236	70
10	0	882	1024	1219	113	20	337	244	142
11	0	1253	1253	1354	96	5	101	10	0
12	0	1374	1374	1393	19	0	19	0	0
13	0	1567	1567	1793	217	9	226	18	0
14	0	1781	1793	1804	11	0	23	12	12
15	0	1956	1956	1974	18	0	18	0	0
16	0	2033	2033	2236	203	0	203	0	0
17	0	2199	2236	2434	187	11	235	59	37
18	0	2340	2434	2442	8	0	102	94	94
19	0	2562	2562	2606	44	0	44	0	0
20	0	2576	2606	2780	173	1	204	32	30
21	0	2723	2780	3373	383	20	650	287	57
22	0	3011	3022	3539	232	20	528	316	11
23	0	3136	3217	3582	45	32	446	433	81
24	0	3145	3219	3650	208	1	505	298	74
25	0	3371	3650	3662	12	0	291	279	279
27	0	3571	3908	3977	69	0	406	337	337
28	0	3584	3977	4146	169	0	562	393	393
29	0	3592	4146	4211	65	0	619	554	554
26	0	3419	3662	4494	529	9	1075	555	243
32	0	4196	4580	4693	113	0	497	384	384
33	0	4319	4693	4807	114	0	488	374	374
30	0	4023	4494	4888	161	1	865	705	471
31	0	4045	4574	4889	7	12	844	849	529
35	0	4792	4958	4989	31	0	197	166	166
36	0	4940	4989	4991	2	0	51	49	49
34	0	4604	4889	5173	96	13	569	486	285
38	0	5127	5131	5391	194	10	264	80	4
37	0	4951	4991	5392	180	33	441	294	40
39	0	5444	5444	5577	132	1	133	2	0
40	0	5711	5711	5722	10	1	11	2	0
41	0	5733	5733	6176	177	8	443	274	0
44	0	5997	6203	6364	161	0	367	206	206
45	0	6024	6364	6370	6	0	346	340	340
42	0	5826	5897	6493	329	2	667	340	71
43	0	5929	6176	6503	37	15	574	552	247
46	0	6043	6370	6528	85	1	485	401	327
47	0	6432	6528	6569	41	0	137	96	96
48	0	6782	6782	6962	151	29	180	58	0
49	0	6960	6962	7039	77	0	79	2	2
50	0	7045	7045	7263	53	22	218	187	0
51	0	7047	7073	7317	219	2	270	53	26
52	0	7464	7464	7564	90	10	100	20	0
53	0	7495	7564	7756	58	11	261	214	69
54	0	7512	7607	7807	173	15	295	137	95
56	0	8236	8236	8293	44	7	57	20	0
55	0	8055	8055	8433	251	84	378	211	0
58	0	8268	8469	8598	129	0	330	201	201
61	0	8423	9011	9069	58	0	646	588	588
63	0	8707	9151	9203	52	0	496	444	444
59	0	8319	8598	9291	228	4	972	748	279
66	0	8927	9312	9323	11	0	396	385	385
57	0	8245	8245	9637	143	42	1392	1291	0
62	0	8567	9127	9640	27	1	1073	1047	560
64	0	8773	9203	9777	172	9	1004	841	430
60	0	8342	8773	9984	354	21	1642	1309	431
69	0	9430	9984	9990	6	0	560	554	554
0	0	0	0	10052	3361	0	10052	6691	0
