id	priority	createdTime	startedTime	terminatedTime	cpuTime	blockedTime	turnaroundTime	waitingTime	responseTime
2	0	16	47	68	21	0	52	31	31
1	0	0	0	78	57	7	78	28	0
3	0	88	88	147	59	0	59	0	0
4	0	277	277	311	34	0	34	0	0
5	0	337	337	363	26	0	26	0	0
6	0	401	401	436	32	3	35	6	0
7	0	488	488	543	55	0	55	0	0
9	0	755	781	798	17	0	43	26	26
8	0	592	592	833	164	73	241	150	0
10	0	882	882	950	48	20	68	40	0
11	0	1253	1253	1299	41	5	46	10	0
12	0	1374	1374	1382	8	0	8	0	0
13	0	1567	1567	1670	94	9	103	18	0
14	0	1781	1781	1786	5	0	5	0	0
15	0	1956	1956	1964	8	0	8	0	0
16	0	2033	2033	2120	87	0	87	0	0
17	0	2199	2199	2291	81	11	92	22	0
18	0	2340	2340	2344	4	0	4	0	0
19	0	2562	2562	2581	19	0	19	0	0
20	0	2576	2581	2657	75	1	81	7	5
21	0	2723	2723	2908	165	20	185	40	0
22	0	3011	3011	3130	99	20	119	40	0
23	0	3136	3136	3224	20	32	88	100	0
24	0	3145	3145	3254	90	1	109	20	0
25	0	3371	3371	3376	5	0	5	0	0
26	0	3419	3419	3655	227	9	236	18	0
29	0	3592	3655	3683	28	0	91	63	63
27	0	3571	3683	3713	30	0	142	112	112
28	0	3584	3713	3786	73	0	202	129	129
30	0	4023	4023	4096	70	1	73	4	0
31	0	4045	4058	4097	4	12	52	60	13
32	0	4196	4196	4245	49	0	49	0	0
33	0	4319	4319	4368	49	0	49	0	0
34	0	4604	4604	4659	42	13	55	26	0
35	0	4792	4792	4806	14	0	14	0	0
36	0	4940	4940	4941	1	0	1	0	0
37	0	4951	4951	5062	78	33	111	66	0
38	0	5127	5127	5221	84	10	94	20	0
39	0	5444	5444	5503	58	1	59	2	0
40	0	5711	5711	5717	5	1	6	2	0
41	0	5733	5733	5818	77	8	85	16	0
42	0	5826	5826	5979	141	2	153	14	0
43	0	5929	5940	5983	16	15	54	53	11
44	0	5997	5997	6066	69	0	69	0	0
45	0	6024	6066	6069	3	0	45	42	42
46	0	6043	6069	6107	37	1	64	28	26
47	0	6432	6432	6450	18	0	18	0	0
48	0	6782	6782	6877	66	29	95	58	0
49	0	6960	6960	6993	33	0	33	0	0
50	0	7045	7045	7139	23	22	94	93	0
51	0	7047	7057	7162	94	2	115	23	10
52	0	7464	7464	7513	39	10	49	20	0
53	0	7495	7515	7594	26	11	99	84	20
54	0	7512	7513	7619	75	15	107	47	1
55	0	8055	8055	8247	108	84	192	168	0
56	0	8236	8247	8273	19	7	37	25	11
58	0	8268	8289	8344	55	0	76	21	21
57	0	8245	8249	8462	63	42	217	196	4
59	0	8319	8369	8485	98	4	166	72	50
61	0	8423	8485	8510	25	0	87	62	62
62	0	8567	8612	8654	13	1	87	75	45
60	0	8342	8510	8684	152	21	342	211	168
63	0	8707	8707	8730	23	0	23	0	0
64	0	8773	8773	8856	74	9	83	18	0
66	0	8927	8952	8957	5	0	30	25	25
65	0	8830	8856	8994	73	65	164	156	26
67	0	9051	9051	9181	118	12	130	24	0
69	0	9430	9430	9433	3	0	3	0	0
70	0	9432	9433	9475	42	0	43	1	1
68	0	9379	9379	9573	111	22	194	105	0
71	0	9459	9475	9591	35	14	132	111	16
72	0	9609	9609	9674	54	11	65	22	0
73	0	9745	9745	9764	19	0	19	0	0
0	0	0	0	10006	6237	0	10006	3769	0
