id	priority	createdTime	startedTime	terminatedTime	cpuTime	blockedTime	turnaroundTime	waitingTime	responseTime
2	0	16	63	90	27	0	74	47	47
1	0	0	0	103	76	7	103	34	0
3	0	88	103	182	79	0	94	15	15
4	0	277	277	323	46	0	46	0	0
5	0	337	337	372	35	0	35	0	0
6	0	401	401	446	42	3	45	6	0
7	0	488	488	561	73	0	73	0	0
9	0	755	825	848	23	0	93	70	70
8	0	592	592	895	220	73	303	156	0
10	0	882	895	980	65	20	98	53	13
11	0	1253	1253	1313	55	5	60	10	0
12	0	1374	1374	1385	11	0	11	0	0
13	0	1567	1567	1700	124	9	133	18	0
14	0	1781	1781	1788	7	0	7	0	0
15	0	1956	1956	1967	11	0	11	0	0
16	0	2033	2033	2149	116	0	116	0	0
17	0	2199	2199	2317	107	11	118	22	0
18	0	2340	2340	2345	5	0	5	0	0
19	0	2562	2562	2587	25	0	25	0	0
20	0	2576	2587	2688	100	1	112	13	11
21	0	2723	2723	2963	220	20	240	40	0
22	0	3011	3011	3164	133	20	153	40	0
23	0	3136	3164	3270	26	32	134	140	28
24	0	3145	3165	3309	119	1	164	46	20
25	0	3371	3371	3378	7	0	7	0	0
26	0	3419	3419	3731	303	9	312	18	0
29	0	3592	3731	3769	38	0	177	139	139
27	0	3571	3769	3809	40	0	238	198	198
28	0	3584	3809	3906	97	0	322	225	225
30	0	4023	4023	4119	92	1	96	5	0
31	0	4045	4069	4120	5	12	75	82	24
32	0	4196	4196	4261	65	0	65	0	0
33	0	4319	4319	4384	65	0	65	0	0
34	0	4604	4604	4672	55	13	68	26	0
35	0	4792	4792	4810	18	0	18	0	0
36	0	4940	4940	4941	1	0	1	0	0
37	0	4951	4951	5088	104	33	137	66	0
38	0	5127	5127	5248	111	10	121	20	0
39	0	5444	5444	5521	76	1	77	2	0
40	0	5711	5711	5718	6	1	7	2	0
41	0	5733	5733	5987	102	8	254	160	0
42	0	5826	5827	6039	188	2	213	27	1
45	0	6024	6039	6043	4	0	19	15	15
43	0	5929	5987	6049	22	15	120	113	58
44	0	5997	6084	6176	92	0	179	87	87
46	0	6043	6049	6190	49	1	147	99	6
47	0	6432	6432	6456	24	0	24	0	0
48	0	6782	6782	6899	88	29	117	58	0
49	0	6960	6960	7004	44	0	44	0	0
50	0	7045	7045	7170	31	22	125	116	0
51	0	7047	7061	7201	125	2	154	31	14
52	0	7464	7464	7525	51	10	61	20	0
53	0	7495	7527	7632	34	11	137	114	32
54	0	7512	7525	7664	100	15	152	67	13
55	0	8055	8055	8283	144	84	228	168	0
58	0	8268	8290	8364	74	0	96	22	22
56	0	8236	8283	8408	25	7	172	154	47
59	0	8319	8408	8572	131	4	253	126	89
57	0	8245	8285	8610	83	42	365	324	40
62	0	8567	8572	8612	16	1	45	30	5
61	0	8423	8612	8645	33	0	222	189	189
63	0	8707	8801	8831	30	0	124	94	94
64	0	8773	8781	8961	99	9	188	98	8
66	0	8927	8961	8967	6	0	40	34	34
60	0	8342	8645	8995	203	21	653	471	303
65	0	8830	8831	9202	97	65	372	340	1
67	0	9051	9051	9245	157	12	194	49	0
69	0	9430	9430	9434	4	0	4	0	0
70	0	9432	9434	9490	56	0	58	2	2
68	0	9379	9379	9621	148	22	242	116	0
71	0	9459	9490	9644	46	14	185	153	31
72	0	9609	9644	9727	72	11	118	57	35
73	0	9745	9745	9770	25	0	25	0	0
0	0	0	0	10002	4929	0	10002	5073	0
