id	priority	createdTime	startedTime	terminatedTime	cpuTime	blockedTime	turnaroundTime	waitingTime	responseTime
2	0	16	16	57	21	0	41	20	0
1	0	0	0	85	57	7	85	35	0
3	0	88	88	147	59	0	59	0	0
4	0	277	277	311	34	0	34	0	0
5	0	337	337	363	26	0	26	0	0
6	0	401	401	436	32	3	35	6	0
7	0	488	488	543	55	0	55	0	0
9	0	755	755	772	17	0	17	0	0
8	0	592	592	846	164	73	254	163	0
10	0	882	882	950	48	20	68	40	0
11	0	1253	1253	1299	41	5	46	10	0
12	0	1374	1374	1382	8	0	8	0	0
13	0	1567	1567	1670	94	9	103	18	0
14	0	1781	1781	1786	5	0	5	0	0
15	0	1956	1956	1964	8	0	8	0	0
16	0	2033	2033	2120	87	0	87	0	0
17	0	2199	2199	2291	81	11	92	22	0
18	0	2340	2340	2344	4	0	4	0	0
19	0	2562	2562	2601	19	0	39	20	0
20	0	2576	2576	2657	75	1	81	7	0
21	0	2723	2723	2908	165	20	185	40	0
22	0	3011	3011	3130	99	20	119	40	0
23	0	3136	3136	3188	20	32	52	64	0
24	0	3145	3145	3255	90	1	110	21	0
25	0	3371	3371	3376	5	0	5	0	0
27	0	3571	3571	3629	30	0	58	28	0
29	0	3592	3629	3697	28	0	105	77	37
28	0	3584	3592	3770	73	0	186	113	8
26	0	3419	3419	3786	227	9	367	149	0
31	0	4045	4045	4061	4	12	16	24	0
30	0	4023	4023	4098	70	1	75	6	0
32	0	4196	4196	4245	49	0	49	0	0
33	0	4319	4319	4368	49	0	49	0	0
34	0	4604	4604	4659	42	13	55	26	0
35	0	4792	4792	4806	14	0	14	0	0
36	0	4940	4940	4941	1	0	1	0	0
37	0	4951	4951	5062	78	33	111	66	0
38	0	5127	5127	5221	84	10	94	20	0
39	0	5444	5444	5503	58	1	59	2	0
40	0	5711	5711	5717	5	1	6	2	0
41	0	5733	5733	5818	77	8	85	16	0
43	0	5929	5929	5960	16	15	31	30	0
42	0	5826	5826	5985	141	2	159	20	0
45	0	6024	6024	6027	3	0	3	0	0
46	0	6043	6043	6101	37	1	58	22	0
44	0	5997	5997	6106	69	0	109	40	0
47	0	6432	6432	6450	18	0	18	0	0
48	0	6782	6782	6877	66	29	95	58	0
49	0	6960	6960	6993	33	0	33	0	0
50	0	7045	7045	7110	23	22	65	64	0
51	0	7047	7047	7164	94	2	117	25	0
52	0	7464	7464	7530	39	10	66	37	0
53	0	7495	7495	7552	26	11	57	42	0
54	0	7512	7530	7627	75	15	115	55	18
55	0	8055	8055	8249	108	84	194	170	0
56	0	8236	8236	8266	19	7	30	18	0
58	0	8268	8268	8418	55	0	150	95	0
57	0	8245	8245	8493	63	42	248	227	0
61	0	8423	8435	8518	25	0	95	70	12
59	0	8319	8319	8570	98	4	251	157	0
62	0	8567	8570	8584	13	1	17	5	3
60	0	8342	8382	8693	152	21	351	220	40
63	0	8707	8707	8730	23	0	23	0	0
64	0	8773	8773	8865	74	9	92	27	0
66	0	8927	8927	8932	5	0	5	0	0
65	0	8830	8830	8968	73	65	138	130	0
67	0	9051	9051	9181	118	12	130	24	0
69	0	9430	9430	9434	3	0	4	1	0
70	0	9432	9434	9512	42	0	80	38	2
71	0	9459	9479	9530	35	14	71	50	20
68	0	9379	9379	9591	111	22	212	123	0
72	0	9609	9609	9674	54	11	65	22	0
73	0	9745	9745	9764	19	0	19	0	0
0	0	0	0	10009	6240	0	10009	3769	0
