id	priority	createdTime	startedTime	terminatedTime	cpuTime	blockedTime	turnaroundTime	waitingTime	responseTime
2	0	16	16	63	27	0	47	20	0
1	0	0	0	130	76	7	130	61	0
3	0	88	88	182	79	0	94	15	0
4	0	277	277	323	46	0	46	0	0
5	0	337	337	372	35	0	35	0	0
6	0	401	401	446	42	3	45	6	0
7	0	488	488	561	73	0	73	0	0
9	0	755	755	798	23	0	43	20	0
8	0	592	592	947	220	73	355	208	0
10	0	882	882	973	65	20	91	46	0
11	0	1253	1253	1313	55	5	60	10	0
12	0	1374	1374	1385	11	0	11	0	0
13	0	1567	1567	1700	124	9	133	18	0
14	0	1781	1781	1788	7	0	7	0	0
15	0	1956	1956	1967	11	0	11	0	0
16	0	2033	2033	2149	116	0	116	0	0
17	0	2199	2199	2317	107	11	118	22	0
18	0	2340	2340	2345	5	0	5	0	0
19	0	2562	2562	2607	25	0	45	20	0
20	0	2576	2576	2688	100	1	112	13	0
21	0	2723	2723	2963	220	20	240	40	0
22	0	3011	3011	3225	133	20	214	101	0
23	0	3136	3136	3250	26	32	114	120	0
24	0	3145	3145	3310	119	1	165	47	0
25	0	3371	3371	3378	7	0	7	0	0
27	0	3571	3571	3699	40	0	128	88	0
29	0	3592	3632	3717	38	0	125	87	40
28	0	3584	3592	3834	97	0	250	153	8
26	0	3419	3419	3906	303	9	487	193	0
31	0	4045	4045	4062	5	12	17	24	0
30	0	4023	4023	4121	92	1	98	7	0
32	0	4196	4196	4261	65	0	65	0	0
33	0	4319	4319	4384	65	0	65	0	0
34	0	4604	4604	4672	55	13	68	26	0
35	0	4792	4792	4810	18	0	18	0	0
36	0	4940	4940	4941	1	0	1	0	0
37	0	4951	4951	5088	104	33	137	66	0
38	0	5127	5127	5248	111	10	121	20	0
39	0	5444	5444	5521	76	1	77	2	0
40	0	5711	5711	5718	6	1	7	2	0
41	0	5733	5733	5863	102	8	130	36	0
43	0	5929	5929	5966	22	15	37	30	0
45	0	6024	6043	6047	4	0	23	19	19
42	0	5826	5826	6150	188	2	324	138	0
46	0	6043	6052	6178	49	1	135	87	9
44	0	5997	5997	6190	92	0	193	101	0
47	0	6432	6432	6456	24	0	24	0	0
48	0	6782	6782	6899	88	29	117	58	0
49	0	6960	6960	7004	44	0	44	0	0
50	0	7045	7045	7118	31	22	73	64	0
51	0	7047	7047	7203	125	2	156	33	0
52	0	7464	7464	7551	51	10	87	46	0
53	0	7495	7495	7592	34	11	97	74	0
54	0	7512	7532	7667	100	15	155	70	20
56	0	8236	8236	8316	25	7	80	62	0
55	0	8055	8055	8336	144	84	281	221	0
61	0	8423	8483	8655	33	0	232	199	60
62	0	8567	8608	8697	16	1	130	115	41
58	0	8268	8276	8706	74	0	438	364	8
57	0	8245	8245	8738	83	42	493	452	0
63	0	8707	8715	8783	30	0	76	46	8
59	0	8319	8342	8794	131	4	475	348	23
66	0	8927	8939	8945	6	0	18	12	12
64	0	8773	8794	8978	99	9	205	115	21
60	0	8342	8380	9026	203	21	684	502	38
65	0	8830	8838	9116	97	65	286	254	8
67	0	9051	9051	9254	157	12	203	58	0
69	0	9430	9430	9443	4	0	13	9	0
70	0	9432	9432	9563	56	0	131	75	0
71	0	9459	9479	9606	46	14	147	115	20
68	0	9379	9379	9684	148	22	305	179	0
72	0	9609	9609	9727	72	11	118	57	0
73	0	9745	9745	9770	25	0	25	0	0
0	0	0	0	10012	4939	0	10012	5073	0
