id	priority	createdTime	startedTime	terminatedTime	cpuTime	blockedTime	turnaroundTime	waitingTime	responseTime
2	0	79	122	181	59	0	102	43	43
3	0	109	114	293	90	28	184	122	5
1	0	0	0	344	195	61	344	210	0
4	0	691	691	1043	328	24	352	48	0
6	0	860	1050	1061	11	0	201	190	190
8	0	1052	1061	1062	1	0	10	9	9
5	0	811	1062	1078	16	0	267	251	251
7	0	947	1043	1224	149	8	277	136	96
10	0	1642	1642	1672	24	4	30	10	0
9	0	1510	1510	1826	173	126	316	269	0
12	0	1811	1826	2082	34	13	271	250	15
11	0	1756	1838	2249	311	1	493	183	82
14	0	2212	2249	2424	111	12	212	113	37
13	0	1878	2082	2676	319	31	798	510	204
16	0	2416	2424	2713	112	39	297	224	8
18	0	2794	3079	3092	13	0	298	285	285
20	0	2980	3092	3140	48	0	160	112	112
21	0	3198	3254	3341	87	0	143	56	56
19	0	2875	3140	3480	242	8	605	371	265
23	0	3515	3636	3668	32	0	153	121	121
24	0	3517	3668	3944	94	1	427	334	151
15	0	2329	2713	4119	834	76	1790	1032	384
27	0	4060	4145	4200	55	0	140	85	85
26	0	4022	4119	4212	38	1	190	153	97
25	0	3805	3944	4309	142	49	504	411	139
22	0	3229	3243	4507	209	4	1278	1073	14
28	0	4492	4507	4537	30	0	45	15	15
29	0	4606	4822	4844	22	0	238	216	216
17	0	2786	4537	4895	336	3	2109	1776	1751
30	0	4848	4895	4977	48	12	129	93	47
33	0	4912	4934	5017	45	8	105	68	22
32	0	4891	4905	5074	86	15	183	112	14
35	0	5060	5074	5100	26	0	40	14	14
34	0	4922	5100	5158	58	0	236	178	178
36	0	5136	5158	5534	114	32	398	316	22
37	0	5312	5363	5659	209	57	347	195	51
38	0	5411	5562	5766	87	20	355	288	151
31	0	4880	5191	5925	352	32	1045	725	311
39	0	5841	5925	6001	69	7	160	98	84
40	0	6096	6096	6156	38	22	60	44	0
41	0	6625	6625	6897	203	19	272	88	0
42	0	6693	6751	6948	120	68	255	203	58
43	0	6973	6973	7079	81	25	106	50	0
45	0	7166	7206	7236	30	0	70	40	40
44	0	7165	7165	7405	210	12	240	42	0
46	0	7262	7405	7644	84	67	382	365	143
47	0	7264	7462	7790	190	15	526	351	198
51	0	7691	7715	7848	90	38	157	105	24
48	0	7289	7424	7934	115	14	645	544	135
50	0	7510	7538	8178	164	16	668	520	28
54	0	8075	8178	8188	10	0	113	103	103
56	0	8332	8385	8427	25	10	95	80	53
55	0	8297	8427	8503	76	0	206	130	130
58	0	8541	8611	8625	14	0	84	70	70
57	0	8439	8503	8723	100	63	284	247	64
52	0	7756	8262	8771	277	40	1015	778	506
59	0	8739	8771	8848	77	0	109	32	32
49	0	7352	7934	9053	323	38	1701	1416	582
60	0	8758	8848	9098	117	7	340	230	90
62	0	9050	9053	9168	78	3	118	43	3
53	0	7943	8041	9326	181	3	1383	1205	98
63	0	9243	9326	9572	55	13	329	287	83
64	0	9548	9572	9696	124	0	148	24	24
61	0	9024	9361	9825	320	5	801	486	337
65	0	9723	9825	9901	76	0	178	102	102
0	0	0	0	10000	1696	0	10000	8304	0
