id	priority	createdTime	startedTime	terminatedTime	cpuTime	blockedTime	turnaroundTime	waitingTime	responseTime
1	0	0	0	41	15	26	41	52	0
2	0	110	110	206	87	9	96	18	0
3	0	433	433	435	2	0	2	0	0
4	0	469	469	572	95	8	103	16	0
5	0	640	640	693	31	22	53	44	0
6	0	880	880	942	62	0	62	0	0
7	0	982	982	1045	53	10	63	20	0
8	0	1103	1103	1128	25	0	25	0	0
10	0	1145	1145	1149	4	0	4	0	0
9	0	1131	1131	1226	63	32	95	64	0
11	0	1319	1319	1368	49	0	49	0	0
12	0	1609	1609	1610	1	0	1	0	0
13	0	1906	1906	2378	140	166	472	498	0
14	0	2130	2130	2507	230	122	377	269	0
15	0	2807	2807	2817	10	0	10	0	0
16	0	3026	3026	3072	46	0	46	0	0
17	0	3194	3194	3421	188	39	227	78	0
18	0	3305	3421	3444	23	0	139	116	116
19	0	3438	3444	3471	27	0	33	6	6
20	0	3692	3692	3820	116	12	128	24	0
21	0	3906	3906	3947	41	0	41	0	0
22	0	3949	3949	3951	2	0	2	0	0
23	0	4175	4175	4331	156	0	156	0	0
24	0	4519	4519	4702	156	27	183	54	0
26	0	4761	4819	4896	77	0	135	58	58
27	0	4763	4896	4922	26	0	159	133	133
25	0	4664	4666	5012	192	65	348	221	2
28	0	5376	5376	5428	52	0	52	0	0
29	0	5420	5428	5554	123	3	134	14	8
30	0	5712	5712	5762	37	13	50	26	0
32	0	5874	5882	5928	46	0	54	8	8
31	0	5868	5868	5932	18	15	64	61	0
33	0	6567	6567	6571	4	0	4	0	0
36	0	6726	6794	6801	7	0	75	68	68
35	0	6631	6643	6802	97	3	171	77	12
37	0	6743	6802	6861	59	0	118	59	59
34	0	6629	6629	6906	91	34	277	220	0
38	0	6822	6861	6957	29	23	135	129	39
40	0	6857	6931	7055	82	42	198	158	74
39	0	6841	6906	7108	102	69	267	234	65
41	0	7076	7108	7172	64	0	96	32	32
42	0	7111	7172	7202	30	0	91	61	61
43	0	7160	7202	7399	152	17	239	104	42
44	0	7231	7241	7494	92	34	263	205	10
47	0	7440	7517	7518	1	0	78	77	77
45	0	7284	7399	7526	56	4	242	190	115
46	0	7431	7494	7545	42	1	114	73	63
48	0	7526	7545	7599	54	0	73	19	19
49	0	7533	7599	7717	102	16	184	98	66
50	0	7660	7717	7731	14	0	71	57	57
51	0	7870	7870	7895	13	12	25	24	0
52	0	7936	7936	7943	7	0	7	0	0
53	0	7970	7970	8016	46	0	46	0	0
54	0	7985	8016	8038	22	0	53	31	31
55	0	8332	8332	8484	152	0	152	0	0
56	0	8349	8484	8732	136	30	383	277	135
57	0	8489	8489	8743	123	11	254	142	0
58	0	8620	8743	8791	48	0	171	123	123
59	0	8657	8791	8873	82	0	216	134	134
60	0	9299	9299	9359	49	11	60	22	0
61	0	9347	9359	9436	45	8	89	52	12
62	0	9379	9399	9493	37	57	114	134	20
63	0	9519	9519	9554	35	0	35	0	0
64	0	9714	9714	9749	28	7	35	14	0
65	0	9919	9919	9937	18	0	18	0	0
0	0	0	0	10119	6007	0	10119	4112	0
