id	priority	createdTime	startedTime	terminatedTime	cpuTime	blockedTime	turnaroundTime	waitingTime	responseTime
1	0	0	0	55	29	26	55	52	0
2	0	110	110	292	173	9	182	18	0
3	0	433	433	436	3	0	3	0	0
4	0	469	469	665	188	8	196	16	0
5	0	640	665	747	60	22	107	69	25
6	0	880	880	1004	124	0	124	0	0
7	0	982	1004	1119	105	10	137	42	22
8	0	1103	1119	1169	50	0	66	16	16
10	0	1145	1169	1176	7	0	31	24	24
9	0	1131	1176	1333	125	32	202	109	45
11	0	1319	1333	1430	97	0	111	14	14
12	0	1609	1609	1610	1	0	1	0	0
13	0	1906	1906	2654	279	166	748	635	0
14	0	2130	2130	2762	457	122	632	297	0
15	0	2807	2807	2826	19	0	19	0	0
16	0	3026	3026	3117	91	0	91	0	0
18	0	3305	3305	3351	46	0	46	0	0
17	0	3194	3194	3644	372	39	450	117	0
19	0	3438	3644	3697	53	0	259	206	206
20	0	3692	3697	3941	232	12	249	29	5
21	0	3906	3941	4022	81	0	116	35	35
22	0	3949	4022	4025	3	0	76	73	73
23	0	4175	4175	4487	312	0	312	0	0
24	0	4519	4519	4874	310	27	355	72	0
27	0	4763	4874	4926	52	0	163	111	111
26	0	4761	4926	5079	153	0	318	165	165
25	0	4664	4805	5439	384	65	775	456	141
28	0	5376	5439	5542	103	0	166	63	63
29	0	5420	5542	5829	244	3	409	168	122
30	0	5712	5712	5863	74	13	151	90	0
32	0	5874	5895	5987	92	0	113	21	21
31	0	5868	5868	5995	35	15	127	107	0
33	0	6567	6567	6575	8	0	8	0	0
36	0	6726	6848	6861	13	0	135	122	122
35	0	6631	6657	6862	192	3	231	42	26
38	0	6822	6901	7007	57	23	185	151	79
40	0	6857	6862	7158	162	42	301	181	5
42	0	7111	7158	7218	60	0	107	47	47
47	0	7440	7500	7501	1	0	61	60	60
45	0	7284	7404	7563	112	4	279	171	120
46	0	7431	7501	7600	83	1	169	87	70
44	0	7231	7315	7750	182	34	519	371	84
50	0	7660	7750	7778	28	0	118	90	90
39	0	6841	6947	7883	202	69	1042	909	106
48	0	7526	7885	7993	108	0	467	359	359
52	0	7936	7993	8007	14	0	71	57	57
51	0	7870	7883	8031	26	12	161	147	13
54	0	7985	8031	8074	43	0	89	46	46
53	0	7970	8074	8166	92	0	196	104	104
37	0	6743	8275	8392	117	0	1649	1532	1532
34	0	6629	6629	8444	180	34	1815	1669	0
41	0	7076	8444	8571	127	0	1495	1368	1368
49	0	7533	7600	8717	203	16	1184	997	67
58	0	8620	8717	8813	96	0	193	97	97
59	0	8657	8813	8976	163	0	319	156	156
43	0	7160	7238	9425	302	17	2265	1980	78
57	0	8489	8976	9446	245	11	957	723	487
60	0	9299	9446	9605	96	11	306	221	147
63	0	9519	9605	9674	69	0	155	86	86
62	0	9379	9501	9683	72	57	304	289	122
61	0	9347	9683	9785	88	8	438	358	336
64	0	9714	9762	9827	56	7	113	64	48
0	0	0	0	10089	5781	0	10089	4308	0
