id	priority	createdTime	startedTime	terminatedTime	cpuTime	blockedTime	turnaroundTime	waitingTime	responseTime
2	0	79	79	92	13	0	13	0	0
1	0	0	0	104	43	61	104	122	0
3	0	109	109	157	20	28	48	56	0
4	0	691	691	786	71	24	95	48	0
5	0	811	811	815	4	0	4	0	0
6	0	860	860	863	3	0	3	0	0
7	0	947	947	988	33	8	41	16	0
8	0	1052	1052	1053	1	0	1	0	0
10	0	1642	1642	1652	6	4	10	8	0
9	0	1510	1510	1675	39	126	165	252	0
11	0	1756	1756	1827	67	1	71	5	0
12	0	1811	1811	1834	8	13	23	28	0
13	0	1878	1878	1978	69	31	100	62	0
14	0	2212	2212	2248	24	12	36	24	0
16	0	2416	2416	2484	25	39	68	82	0
15	0	2329	2329	2589	180	76	260	156	0
18	0	2794	2794	2799	3	0	5	2	0
17	0	2786	2786	2864	72	3	78	9	0
19	0	2875	2875	2935	52	8	60	16	0
20	0	2980	2980	2991	11	0	11	0	0
21	0	3198	3198	3217	19	0	19	0	0
22	0	3229	3229	3279	46	4	50	8	0
23	0	3515	3515	3528	7	0	13	6	0
24	0	3517	3517	3544	21	1	27	7	0
25	0	3805	3805	3885	31	49	80	98	0
26	0	4022	4022	4032	9	1	10	2	0
27	0	4060	4060	4072	12	0	12	0	0
28	0	4492	4492	4499	7	0	7	0	0
29	0	4606	4606	4611	5	0	5	0	0
30	0	4848	4848	4871	11	12	23	24	0
33	0	4912	4912	4953	10	8	41	39	0
32	0	4891	4891	4962	20	15	71	66	0
34	0	4922	4926	4965	13	0	43	30	4
31	0	4880	4880	5017	77	32	137	92	0
35	0	5060	5060	5066	6	0	6	0	0
36	0	5136	5136	5194	26	32	58	64	0
37	0	5312	5312	5419	46	57	107	118	0
38	0	5411	5411	5455	20	20	44	44	0
39	0	5841	5841	5864	16	7	23	14	0
40	0	6096	6096	6127	9	22	31	44	0
41	0	6625	6625	6688	44	19	63	38	0
42	0	6693	6693	6787	26	68	94	136	0
43	0	6973	6973	7016	18	25	43	50	0
45	0	7166	7166	7179	7	0	13	6	0
44	0	7165	7165	7230	46	12	65	31	0
47	0	7264	7264	7335	43	15	71	43	0
48	0	7289	7289	7349	26	14	60	48	0
46	0	7262	7262	7359	18	67	97	146	0
49	0	7352	7352	7463	70	38	111	79	0
50	0	7510	7510	7562	36	16	52	32	0
51	0	7691	7691	7749	20	38	58	76	0
52	0	7756	7756	7857	61	40	101	80	0
53	0	7943	7943	7985	39	3	42	6	0
54	0	8075	8075	8078	3	0	3	0	0
55	0	8297	8297	8314	17	0	17	0	0
56	0	8332	8332	8348	6	10	16	20	0
57	0	8439	8439	8524	22	63	85	126	0
58	0	8541	8541	8544	3	0	3	0	0
59	0	8739	8739	8756	17	0	17	0	0
60	0	8758	8758	8791	26	7	33	14	0
62	0	9050	9050	9082	17	3	32	18	0
61	0	9024	9024	9112	69	5	88	24	0
63	0	9243	9243	9269	13	13	26	26	0
64	0	9548	9548	9575	27	0	27	0	0
65	0	9723	9723	9740	17	0	17	0	0
66	0	9984	9984	9988	4	0	4	0	0
0	0	0	0	10035	8185	0	10035	1850	0
